This is XeTeX, Version 3.14159265-2.6-0.999991 (TeX Live 2019/W32TeX) (preloaded format=xelatex 2020.2.9)  21 FEB 2020 12:39
entering extended mode
 restricted \write18 enabled.
 %&-line parsing enabled.
**2.relwk.tex
(./2.relwk.tex
LaTeX2e <2018-12-01>
! Undefined control sequence.
l.1 \chapter
            {国内外相关研究现状}\label{chap:related_work}
The control sequence at the end of the top line
of your error message was never \def'ed. If you have
misspelled it (e.g., `\hobx'), type `I' and the correct
spelling (e.g., `I\hbox'). Otherwise just continue,
and I'll forget about whatever was undefined.


! LaTeX Error: Missing \begin{document}.

See the LaTeX manual or LaTeX Companion for explanation.
Type  H <return>  for immediate help.
 ...                                              
                                                  
l.1 \chapter{国
              内外相关研究现状}\label{chap:related_work}
You're in trouble here.  Try typing  <return>  to proceed.
If that doesn't work, type  X <return>  to quit.

Missing character: There is no 国 in font nullfont!
Missing character: There is no 内 in font nullfont!
Missing character: There is no 外 in font nullfont!
Missing character: There is no 相 in font nullfont!
Missing character: There is no 关 in font nullfont!
Missing character: There is no 研 in font nullfont!
Missing character: There is no 究 in font nullfont!
Missing character: There is no 现 in font nullfont!
Missing character: There is no 状 in font nullfont!

Overfull \hbox (20.0pt too wide) in paragraph at lines 1--2
[][] 
 []

! Undefined control sequence.
l.3 \section
            {基于文本数据的需求发现}
The control sequence at the end of the top line
of your error message was never \def'ed. If you have
misspelled it (e.g., `\hobx'), type `I' and the correct
spelling (e.g., `I\hbox'). Otherwise just continue,
and I'll forget about whatever was undefined.


! LaTeX Error: Missing \begin{document}.

See the LaTeX manual or LaTeX Companion for explanation.
Type  H <return>  for immediate help.
 ...                                              
                                                  
l.3 \section{基
              于文本数据的需求发现}
You're in trouble here.  Try typing  <return>  to proceed.
If that doesn't work, type  X <return>  to quit.

Missing character: There is no 基 in font nullfont!
Missing character: There is no 于 in font nullfont!
Missing character: There is no 文 in font nullfont!
Missing character: There is no 本 in font nullfont!
Missing character: There is no 数 in font nullfont!
Missing character: There is no 据 in font nullfont!
Missing character: There is no 的 in font nullfont!
Missing character: There is no 需 in font nullfont!
Missing character: There is no 求 in font nullfont!
Missing character: There is no 发 in font nullfont!
Missing character: There is no 现 in font nullfont!

Overfull \hbox (20.0pt too wide) in paragraph at lines 3--4
[] 
 []

! Undefined control sequence.
l.5 \subsection
               {基于规则的需求发现}
The control sequence at the end of the top line
of your error message was never \def'ed. If you have
misspelled it (e.g., `\hobx'), type `I' and the correct
spelling (e.g., `I\hbox'). Otherwise just continue,
and I'll forget about whatever was undefined.


! LaTeX Error: Missing \begin{document}.

See the LaTeX manual or LaTeX Companion for explanation.
Type  H <return>  for immediate help.
 ...                                              
                                                  
l.5 \subsection{基
                 于规则的需求发现}
You're in trouble here.  Try typing  <return>  to proceed.
If that doesn't work, type  X <return>  to quit.

Missing character: There is no 基 in font nullfont!
Missing character: There is no 于 in font nullfont!
Missing character: There is no 规 in font nullfont!
Missing character: There is no 则 in font nullfont!
Missing character: There is no 的 in font nullfont!
Missing character: There is no 需 in font nullfont!
Missing character: There is no 求 in font nullfont!
Missing character: There is no 发 in font nullfont!
Missing character: There is no 现 in font nullfont!

Overfull \hbox (20.0pt too wide) in paragraph at lines 5--6
[] 
 []


! LaTeX Error: Missing \begin{document}.

See the LaTeX manual or LaTeX Companion for explanation.
Type  H <return>  for immediate help.
 ...                                              
                                                  
l.7 邮
     件是开发者之间进行沟通的重要方式之一，通常包含特征请求、观点询问、问题发现、解决方案、信息提供等不同类别的信息。Andrea Di Sorbo...

You're in trouble here.  Try typing  <return>  to proceed.
If that doesn't work, type  X <return>  to quit.

Missing character: There is no 邮 in font nullfont!
Missing character: There is no 件 in font nullfont!
Missing character: There is no 是 in font nullfont!
Missing character: There is no 开 in font nullfont!
Missing character: There is no 发 in font nullfont!
Missing character: There is no 者 in font nullfont!
Missing character: There is no 之 in font nullfont!
Missing character: There is no 间 in font nullfont!
Missing character: There is no 进 in font nullfont!
Missing character: There is no 行 in font nullfont!
Missing character: There is no 沟 in font nullfont!
Missing character: There is no 通 in font nullfont!
Missing character: There is no 的 in font nullfont!
Missing character: There is no 重 in font nullfont!
Missing character: There is no 要 in font nullfont!
Missing character: There is no 方 in font nullfont!
Missing character: There is no 式 in font nullfont!
Missing character: There is no 之 in font nullfont!
Missing character: There is no 一 in font nullfont!
Missing character: There is no ， in font nullfont!
Missing character: There is no 通 in font nullfont!
Missing character: There is no 常 in font nullfont!
Missing character: There is no 包 in font nullfont!
Missing character: There is no 含 in font nullfont!
Missing character: There is no 特 in font nullfont!
Missing character: There is no 征 in font nullfont!
Missing character: There is no 请 in font nullfont!
Missing character: There is no 求 in font nullfont!
Missing character: There is no 、 in font nullfont!
Missing character: There is no 观 in font nullfont!
Missing character: There is no 点 in font nullfont!
Missing character: There is no 询 in font nullfont!
Missing character: There is no 问 in font nullfont!
Missing character: There is no 、 in font nullfont!
Missing character: There is no 问 in font nullfont!
Missing character: There is no 题 in font nullfont!
Missing character: There is no 发 in font nullfont!
Missing character: There is no 现 in font nullfont!
Missing character: There is no 、 in font nullfont!
Missing character: There is no 解 in font nullfont!
Missing character: There is no 决 in font nullfont!
Missing character: There is no 方 in font nullfont!
Missing character: There is no 案 in font nullfont!
Missing character: There is no 、 in font nullfont!
Missing character: There is no 信 in font nullfont!
Missing character: There is no 息 in font nullfont!
Missing character: There is no 提 in font nullfont!
Missing character: There is no 供 in font nullfont!
Missing character: There is no 等 in font nullfont!
Missing character: There is no 不 in font nullfont!
Missing character: There is no 同 in font nullfont!
Missing character: There is no 类 in font nullfont!
Missing character: There is no 别 in font nullfont!
Missing character: There is no 的 in font nullfont!
Missing character: There is no 信 in font nullfont!
Missing character: There is no 息 in font nullfont!
Missing character: There is no 。 in font nullfont!
Missing character: There is no A in font nullfont!
Missing character: There is no n in font nullfont!
Missing character: There is no d in font nullfont!
Missing character: There is no r in font nullfont!
Missing character: There is no e in font nullfont!
Missing character: There is no a in font nullfont!
Missing character: There is no D in font nullfont!
Missing character: There is no i in font nullfont!
Missing character: There is no S in font nullfont!
Missing character: There is no o in font nullfont!
Missing character: There is no r in font nullfont!
Missing character: There is no b in font nullfont!
Missing character: There is no o in font nullfont!
Missing character: There is no [ in font nullfont!
\citation{Sorbo2016Development}
! Undefined control sequence.
<write> ...: Citation `\@citeb ' on page \thepage 
                                                  \space undefined\on@line .^^J
l.7 ...Andrea Di Sorbo \cite{Sorbo2016Development}
                                                  等人提出一种一种名叫DECA（开发邮件内容分析器）的...
The control sequence at the end of the top line
of your error message was never \def'ed. If you have
misspelled it (e.g., `\hobx'), type `I' and the correct
spelling (e.g., `I\hbox'). Otherwise just continue,
and I'll forget about whatever was undefined.


LaTeX Warning: Citation `Sorbo2016Development' on page  undefined on input line
 7.

Missing character: There is no ] in font nullfont!
Missing character: There is no 等 in font nullfont!
Missing character: There is no 人 in font nullfont!
Missing character: There is no 提 in font nullfont!
Missing character: There is no 出 in font nullfont!
Missing character: There is no 一 in font nullfont!
Missing character: There is no 种 in font nullfont!
Missing character: There is no 一 in font nullfont!
Missing character: There is no 种 in font nullfont!
Missing character: There is no 名 in font nullfont!
Missing character: There is no 叫 in font nullfont!
Missing character: There is no D in font nullfont!
Missing character: There is no E in font nullfont!
Missing character: There is no C in font nullfont!
Missing character: There is no A in font nullfont!
Missing character: There is no （ in font nullfont!
Missing character: There is no 开 in font nullfont!
Missing character: There is no 发 in font nullfont!
Missing character: There is no 邮 in font nullfont!
Missing character: There is no 件 in font nullfont!
Missing character: There is no 内 in font nullfont!
Missing character: There is no 容 in font nullfont!
Missing character: There is no 分 in font nullfont!
Missing character: There is no 析 in font nullfont!
Missing character: There is no 器 in font nullfont!
Missing character: There is no ） in font nullfont!
Missing character: There is no 的 in font nullfont!
Missing character: There is no 方 in font nullfont!
Missing character: There is no 法 in font nullfont!
Missing character: There is no ， in font nullfont!
Missing character: There is no 通 in font nullfont!
Missing character: There is no 过 in font nullfont!
Missing character: There is no 使 in font nullfont!
Missing character: There is no 用 in font nullfont!
Missing character: There is no 自 in font nullfont!
Missing character: There is no 然 in font nullfont!
Missing character: There is no 语 in font nullfont!
Missing character: There is no 言 in font nullfont!
Missing character: There is no 解 in font nullfont!
Missing character: There is no 析 in font nullfont!
Missing character: There is no 工 in font nullfont!
Missing character: There is no 具 in font nullfont!
Missing character: There is no 分 in font nullfont!
Missing character: There is no 析 in font nullfont!
Missing character: There is no 文 in font nullfont!
Missing character: There is no 本 in font nullfont!
Missing character: There is no 的 in font nullfont!
Missing character: There is no 语 in font nullfont!
Missing character: There is no 言 in font nullfont!
Missing character: There is no 学 in font nullfont!
Missing character: There is no 特 in font nullfont!
Missing character: There is no 征 in font nullfont!
Missing character: There is no 并 in font nullfont!
Missing character: There is no 且 in font nullfont!
Missing character: There is no 从 in font nullfont!
Missing character: There is no 询 in font nullfont!
Missing character: There is no 问 in font nullfont!
Missing character: There is no 帮 in font nullfont!
Missing character: There is no 助 in font nullfont!
Missing character: There is no 、 in font nullfont!
Missing character: There is no 提 in font nullfont!
Missing character: There is no 供 in font nullfont!
Missing character: There is no 帮 in font nullfont!
Missing character: There is no 助 in font nullfont!
Missing character: There is no 、 in font nullfont!
Missing character: There is no 提 in font nullfont!
Missing character: There is no 出 in font nullfont!
Missing character: There is no 新 in font nullfont!
Missing character: There is no 需 in font nullfont!
Missing character: There is no 求 in font nullfont!
Missing character: There is no 、 in font nullfont!
Missing character: There is no 报 in font nullfont!
Missing character: There is no 告 in font nullfont!
Missing character: There is no 或 in font nullfont!
Missing character: There is no 者 in font nullfont!
Missing character: There is no 讨 in font nullfont!
Missing character: There is no 论 in font nullfont!
Missing character: There is no B in font nullfont!
Missing character: There is no U in font nullfont!
Missing character: There is no G in font nullfont!
Missing character: There is no 等 in font nullfont!
Missing character: There is no 几 in font nullfont!
Missing character: There is no 方 in font nullfont!
Missing character: There is no 面 in font nullfont!
Missing character: There is no 对 in font nullfont!
Missing character: There is no 开 in font nullfont!
Missing character: There is no 发 in font nullfont!
Missing character: There is no 者 in font nullfont!
Missing character: There is no 的 in font nullfont!
Missing character: There is no 意 in font nullfont!
Missing character: There is no 图 in font nullfont!
Missing character: There is no 进 in font nullfont!
Missing character: There is no 行 in font nullfont!
Missing character: There is no 分 in font nullfont!
Missing character: There is no 类 in font nullfont!
Missing character: There is no 。 in font nullfont!
! Undefined control sequence.
l.8 \subsection
               {基于统计机器学习的需求发现}
The control sequence at the end of the top line
of your error message was never \def'ed. If you have
misspelled it (e.g., `\hobx'), type `I' and the correct
spelling (e.g., `I\hbox'). Otherwise just continue,
and I'll forget about whatever was undefined.

Missing character: There is no 基 in font nullfont!
Missing character: There is no 于 in font nullfont!
Missing character: There is no 统 in font nullfont!
Missing character: There is no 计 in font nullfont!
Missing character: There is no 机 in font nullfont!
Missing character: There is no 器 in font nullfont!
Missing character: There is no 学 in font nullfont!
Missing character: There is no 习 in font nullfont!
Missing character: There is no 的 in font nullfont!
Missing character: There is no 需 in font nullfont!
Missing character: There is no 求 in font nullfont!
Missing character: There is no 发 in font nullfont!
Missing character: There is no 现 in font nullfont!

Overfull \hbox (20.0pt too wide) in paragraph at lines 7--9
[]
 []


Overfull \hbox (5.43pt too wide) in paragraph at lines 7--9
[]
 []

! Undefined control sequence.
l.10 \section
             {聊天对话数据在需求分析中的应用}
The control sequence at the end of the top line
of your error message was never \def'ed. If you have
misspelled it (e.g., `\hobx'), type `I' and the correct
spelling (e.g., `I\hbox'). Otherwise just continue,
and I'll forget about whatever was undefined.


! LaTeX Error: Missing \begin{document}.

See the LaTeX manual or LaTeX Companion for explanation.
Type  H <return>  for immediate help.
 ...                                              
                                                  
l.10 \section{聊
               天对话数据在需求分析中的应用}
You're in trouble here.  Try typing  <return>  to proceed.
If that doesn't work, type  X <return>  to quit.

Missing character: There is no 聊 in font nullfont!
Missing character: There is no 天 in font nullfont!
Missing character: There is no 对 in font nullfont!
Missing character: There is no 话 in font nullfont!
Missing character: There is no 数 in font nullfont!
Missing character: There is no 据 in font nullfont!
Missing character: There is no 在 in font nullfont!
Missing character: There is no 需 in font nullfont!
Missing character: There is no 求 in font nullfont!
Missing character: There is no 分 in font nullfont!
Missing character: There is no 析 in font nullfont!
Missing character: There is no 中 in font nullfont!
Missing character: There is no 的 in font nullfont!
Missing character: There is no 应 in font nullfont!
Missing character: There is no 用 in font nullfont!

Overfull \hbox (20.0pt too wide) in paragraph at lines 10--11
[] 
 []

! Undefined control sequence.
l.12 \section
             {自然语言处理中的文本分类}
The control sequence at the end of the top line
of your error message was never \def'ed. If you have
misspelled it (e.g., `\hobx'), type `I' and the correct
spelling (e.g., `I\hbox'). Otherwise just continue,
and I'll forget about whatever was undefined.


! LaTeX Error: Missing \begin{document}.

See the LaTeX manual or LaTeX Companion for explanation.
Type  H <return>  for immediate help.
 ...                                              
                                                  
l.12 \section{自
               然语言处理中的文本分类}
You're in trouble here.  Try typing  <return>  to proceed.
If that doesn't work, type  X <return>  to quit.

Missing character: There is no 自 in font nullfont!
Missing character: There is no 然 in font nullfont!
Missing character: There is no 语 in font nullfont!
Missing character: There is no 言 in font nullfont!
Missing character: There is no 处 in font nullfont!
Missing character: There is no 理 in font nullfont!
Missing character: There is no 中 in font nullfont!
Missing character: There is no 的 in font nullfont!
Missing character: There is no 文 in font nullfont!
Missing character: There is no 本 in font nullfont!
Missing character: There is no 分 in font nullfont!
Missing character: There is no 类 in font nullfont!
! Undefined control sequence.
l.13 \subsection
                {文本嵌入式表达}
The control sequence at the end of the top line
of your error message was never \def'ed. If you have
misspelled it (e.g., `\hobx'), type `I' and the correct
spelling (e.g., `I\hbox'). Otherwise just continue,
and I'll forget about whatever was undefined.

Missing character: There is no 文 in font nullfont!
Missing character: There is no 本 in font nullfont!
Missing character: There is no 嵌 in font nullfont!
Missing character: There is no 入 in font nullfont!
Missing character: There is no 式 in font nullfont!
Missing character: There is no 表 in font nullfont!
Missing character: There is no 达 in font nullfont!

Overfull \hbox (20.0pt too wide) in paragraph at lines 12--14
[]
 []

! Undefined control sequence.
l.15 \section
             {少样本学习}
The control sequence at the end of the top line
of your error message was never \def'ed. If you have
misspelled it (e.g., `\hobx'), type `I' and the correct
spelling (e.g., `I\hbox'). Otherwise just continue,
and I'll forget about whatever was undefined.


! LaTeX Error: Missing \begin{document}.

See the LaTeX manual or LaTeX Companion for explanation.
Type  H <return>  for immediate help.
 ...                                              
                                                  
l.15 \section{少
               样本学习}
You're in trouble here.  Try typing  <return>  to proceed.
If that doesn't work, type  X <return>  to quit.

Missing character: There is no 少 in font nullfont!
Missing character: There is no 样 in font nullfont!
Missing character: There is no 本 in font nullfont!
Missing character: There is no 学 in font nullfont!
Missing character: There is no 习 in font nullfont!

Overfull \hbox (20.0pt too wide) in paragraph at lines 15--16
[] 
 []

! Undefined control sequence.
l.18 \section
             {}
The control sequence at the end of the top line
of your error message was never \def'ed. If you have
misspelled it (e.g., `\hobx'), type `I' and the correct
spelling (e.g., `I\hbox'). Otherwise just continue,
and I'll forget about whatever was undefined.

)
! Emergency stop.
<*> 2.relwk.tex
               
*** (job aborted, no legal \end found)

 
Here is how much of TeX's memory you used:
 11 strings out of 493889
 215 string characters out of 6152850
 60768 words of memory out of 5000000
 4100 multiletter control sequences out of 15000+600000
 3656 words of font info for 16 fonts, out of 8000000 for 9000
 622 hyphenation exceptions out of 8191
 19i,2n,24p,232b,97s stack positions out of 5000i,500n,10000p,200000b,80000s
No pages of output.
